C:\Users\jeaming\Documents\GitHub\SSSE_HeBei\HBSSSE\Debug\mwSICARDActX.exp
C:\USERS\JEAMING\DOCUMENTS\GITHUB\SSSE_HEBEI\HBSSSE\DEBUG\MWSICARDACTX.ILK
C:\Users\jeaming\Documents\GitHub\SSSE_HeBei\HBSSSE\Debug\mwSICARDActX.lib
C:\USERS\JEAMING\DOCUMENTS\GITHUB\SSSE_HEBEI\HBSSSE\DEBUG\MWSICARDACTX.OCX
C:\USERS\JEAMING\DOCUMENTS\GITHUB\SSSE_HEBEI\HBSSSE\DEBUG\MWSICARDACTX.PDB
C:\Users\jeaming\Documents\GitHub\SSSE_HeBei\HBSSSE\mwSICARDActX\Debug\cl.command.1.tlog
C:\Users\jeaming\Documents\GitHub\SSSE_HeBei\HBSSSE\mwSICARDActX\Debug\CL.read.1.tlog
C:\Users\jeaming\Documents\GitHub\SSSE_HeBei\HBSSSE\mwSICARDActX\Debug\CL.write.1.tlog
C:\Users\jeaming\Documents\GitHub\SSSE_HeBei\HBSSSE\mwSICARDActX\Debug\link.15924.read.1.tlog
C:\Users\jeaming\Documents\GitHub\SSSE_HeBei\HBSSSE\mwSICARDActX\Debug\link.15924.write.1.tlog
C:\Users\jeaming\Documents\GitHub\SSSE_HeBei\HBSSSE\mwSICARDActX\Debug\link.15924-cvtres.read.1.tlog
C:\Users\jeaming\Documents\GitHub\SSSE_HeBei\HBSSSE\mwSICARDActX\Debug\link.15924-cvtres.write.1.tlog
C:\Users\jeaming\Documents\GitHub\SSSE_HeBei\HBSSSE\mwSICARDActX\Debug\link.command.1.tlog
C:\Users\jeaming\Documents\GitHub\SSSE_HeBei\HBSSSE\mwSICARDActX\Debug\link.read.1.tlog
C:\Users\jeaming\Documents\GitHub\SSSE_HeBei\HBSSSE\mwSICARDActX\Debug\link.write.1.tlog
C:\Users\jeaming\Documents\GitHub\SSSE_HeBei\HBSSSE\mwSICARDActX\Debug\link-cvtres.read.1.tlog
C:\Users\jeaming\Documents\GitHub\SSSE_HeBei\HBSSSE\mwSICARDActX\Debug\link-cvtres.write.1.tlog
C:\Users\jeaming\Documents\GitHub\SSSE_HeBei\HBSSSE\mwSICARDActX\Debug\midl.command.1.tlog
C:\Users\jeaming\Documents\GitHub\SSSE_HeBei\HBSSSE\mwSICARDActX\Debug\midl.read.1.tlog
C:\Users\jeaming\Documents\GitHub\SSSE_HeBei\HBSSSE\mwSICARDActX\Debug\midl.write.1.tlog
C:\Users\jeaming\Documents\GitHub\SSSE_HeBei\HBSSSE\mwSICARDActX\Debug\midl-midlc.read.1.tlog
C:\Users\jeaming\Documents\GitHub\SSSE_HeBei\HBSSSE\mwSICARDActX\Debug\midl-midlc.write.1.tlog
C:\Users\jeaming\Documents\GitHub\SSSE_HeBei\HBSSSE\mwSICARDActX\Debug\midl-midlc-cl.read.1.tlog
C:\Users\jeaming\Documents\GitHub\SSSE_HeBei\HBSSSE\mwSICARDActX\Debug\midl-midlc-cl.write.1.tlog
C:\Users\jeaming\Documents\GitHub\SSSE_HeBei\HBSSSE\mwSICARDActX\Debug\mt.command.1.tlog
C:\Users\jeaming\Documents\GitHub\SSSE_HeBei\HBSSSE\mwSICARDActX\Debug\mt.read.1.tlog
C:\Users\jeaming\Documents\GitHub\SSSE_HeBei\HBSSSE\mwSICARDActX\Debug\mt.write.1.tlog
C:\USERS\JEAMING\DOCUMENTS\GITHUB\SSSE_HEBEI\HBSSSE\MWSICARDACTX\DEBUG\MWSICARDACTX.OBJ
C:\USERS\JEAMING\DOCUMENTS\GITHUB\SSSE_HEBEI\HBSSSE\MWSICARDACTX\DEBUG\MWSICARDACTX.OCX.EMBED.MANIFEST
C:\USERS\JEAMING\DOCUMENTS\GITHUB\SSSE_HEBEI\HBSSSE\MWSICARDACTX\DEBUG\MWSICARDACTX.OCX.EMBED.MANIFEST.RES
C:\USERS\JEAMING\DOCUMENTS\GITHUB\SSSE_HEBEI\HBSSSE\MWSICARDACTX\DEBUG\MWSICARDACTX.OCX.INTERMEDIATE.MANIFEST
C:\USERS\JEAMING\DOCUMENTS\GITHUB\SSSE_HEBEI\HBSSSE\MWSICARDACTX\DEBUG\MWSICARDACTX.PCH
C:\USERS\JEAMING\DOCUMENTS\GITHUB\SSSE_HEBEI\HBSSSE\MWSICARDACTX\DEBUG\MWSICARDACTX.RES
C:\USERS\JEAMING\DOCUMENTS\GITHUB\SSSE_HEBEI\HBSSSE\MWSICARDACTX\DEBUG\MWSICARDACTX.TLB
C:\Users\jeaming\Documents\GitHub\SSSE_HeBei\HBSSSE\mwSICARDActX\Debug\mwSICARDActX.vcxprojResolveAssemblyReference.cache
C:\Users\jeaming\Documents\GitHub\SSSE_HeBei\HBSSSE\mwSICARDActX\Debug\mwSICARDActX.write.1.tlog
C:\Users\jeaming\Documents\GitHub\SSSE_HeBei\HBSSSE\mwSICARDActX\Debug\mwSICARDActX_manifest.rc
C:\USERS\JEAMING\DOCUMENTS\GITHUB\SSSE_HEBEI\HBSSSE\MWSICARDACTX\DEBUG\MWSICARDACTXCTRL.OBJ
C:\USERS\JEAMING\DOCUMENTS\GITHUB\SSSE_HEBEI\HBSSSE\MWSICARDACTX\DEBUG\MWSICARDACTXPROPPAGE.OBJ
C:\Users\jeaming\Documents\GitHub\SSSE_HeBei\HBSSSE\mwSICARDActX\Debug\rc.command.1.tlog
C:\Users\jeaming\Documents\GitHub\SSSE_HeBei\HBSSSE\mwSICARDActX\Debug\rc.read.1.tlog
C:\Users\jeaming\Documents\GitHub\SSSE_HeBei\HBSSSE\mwSICARDActX\Debug\rc.write.1.tlog
C:\USERS\JEAMING\DOCUMENTS\GITHUB\SSSE_HEBEI\HBSSSE\MWSICARDACTX\DEBUG\STDAFX.OBJ
C:\Users\jeaming\Documents\GitHub\SSSE_HeBei\HBSSSE\mwSICARDActX\Debug\vc100.idb
C:\USERS\JEAMING\DOCUMENTS\GITHUB\SSSE_HEBEI\HBSSSE\MWSICARDACTX\DEBUG\VC100.PDB
C:\USERS\JEAMING\DOCUMENTS\GITHUB\SSSE_HEBEI\HBSSSE\MWSICARDACTX\MWSICARDACTX_I.C
C:\USERS\JEAMING\DOCUMENTS\GITHUB\SSSE_HEBEI\HBSSSE\MWSICARDACTX\MWSICARDACTXIDL.H
