生成启动时间为 2017-01-19 17:31:19。
     1>项目“C:\Users\jeaming\Documents\GitHub\SSSE_HeBei\HBSSSE\mwSICARDActX\mwSICARDActX.vcxproj”在节点 2 上(build 个目标)。
     1>InitializeBuildStatus:
         正在对“Debug\mwSICARDActX.unsuccessfulbuild”执行 Touch 任务。
       Midl:
         所有输出均为最新。
       ClCompile:
         所有输出均为最新。
         所有输出均为最新。
       ResourceCompile:
         所有输出均为最新。
       ManifestResourceCompile:
         所有输出均为最新。
       Link:
         所有输出均为最新。
       Manifest:
         所有输出均为最新。
         所有输出均为最新。
       FinalizeBuildStatus:
         正在删除文件“Debug\mwSICARDActX.unsuccessfulbuild”。
         正在对“Debug\mwSICARDActX.lastbuildstate”执行 Touch 任务。
     1>已完成生成项目“C:\Users\jeaming\Documents\GitHub\SSSE_HeBei\HBSSSE\mwSICARDActX\mwSICARDActX.vcxproj”(build 个目标)的操作。

生成成功。

已用时间 00:00:00.04
