C:\USERS\JEAMING\DOCUMENTS\GITHUB\SSSE_HEBEI\HBSSSE\MWSICARDACTX\MWSICARDACTX_I.C
C:\USERS\JEAMING\DOCUMENTS\GITHUB\SSSE_HEBEI\HBSSSE\MWSICARDACTX\MWSICARDACTXIDL.H
C:\USERS\JEAMING\DOCUMENTS\GITHUB\SSSE_HEBEI\HBSSSE\MWSICARDACTX\RELEASE\CATHELP.OBJ
C:\Users\jeaming\Documents\GitHub\SSSE_HeBei\HBSSSE\mwSICARDActX\Release\cl.command.1.tlog
C:\Users\jeaming\Documents\GitHub\SSSE_HeBei\HBSSSE\mwSICARDActX\Release\CL.read.1.tlog
C:\Users\jeaming\Documents\GitHub\SSSE_HeBei\HBSSSE\mwSICARDActX\Release\CL.write.1.tlog
C:\Users\jeaming\Documents\GitHub\SSSE_HeBei\HBSSSE\mwSICARDActX\Release\link.command.1.tlog
C:\Users\jeaming\Documents\GitHub\SSSE_HeBei\HBSSSE\mwSICARDActX\Release\link.read.1.tlog
C:\Users\jeaming\Documents\GitHub\SSSE_HeBei\HBSSSE\mwSICARDActX\Release\link.write.1.tlog
C:\Users\jeaming\Documents\GitHub\SSSE_HeBei\HBSSSE\mwSICARDActX\Release\link-cvtres.read.1.tlog
C:\Users\jeaming\Documents\GitHub\SSSE_HeBei\HBSSSE\mwSICARDActX\Release\link-cvtres.write.1.tlog
C:\Users\jeaming\Documents\GitHub\SSSE_HeBei\HBSSSE\mwSICARDActX\Release\midl.command.1.tlog
C:\Users\jeaming\Documents\GitHub\SSSE_HeBei\HBSSSE\mwSICARDActX\Release\midl.read.1.tlog
C:\Users\jeaming\Documents\GitHub\SSSE_HeBei\HBSSSE\mwSICARDActX\Release\midl.write.1.tlog
C:\Users\jeaming\Documents\GitHub\SSSE_HeBei\HBSSSE\mwSICARDActX\Release\midl-midlc.read.1.tlog
C:\Users\jeaming\Documents\GitHub\SSSE_HeBei\HBSSSE\mwSICARDActX\Release\midl-midlc.write.1.tlog
C:\Users\jeaming\Documents\GitHub\SSSE_HeBei\HBSSSE\mwSICARDActX\Release\midl-midlc-cl.read.1.tlog
C:\Users\jeaming\Documents\GitHub\SSSE_HeBei\HBSSSE\mwSICARDActX\Release\midl-midlc-cl.write.1.tlog
C:\Users\jeaming\Documents\GitHub\SSSE_HeBei\HBSSSE\mwSICARDActX\Release\mt.command.1.tlog
C:\Users\jeaming\Documents\GitHub\SSSE_HeBei\HBSSSE\mwSICARDActX\Release\mt.read.1.tlog
C:\Users\jeaming\Documents\GitHub\SSSE_HeBei\HBSSSE\mwSICARDActX\Release\mt.write.1.tlog
C:\USERS\JEAMING\DOCUMENTS\GITHUB\SSSE_HEBEI\HBSSSE\MWSICARDACTX\RELEASE\MWSICARDACTX.OBJ
C:\USERS\JEAMING\DOCUMENTS\GITHUB\SSSE_HEBEI\HBSSSE\MWSICARDACTX\RELEASE\MWSICARDACTX.OCX.INTERMEDIATE.MANIFEST
C:\USERS\JEAMING\DOCUMENTS\GITHUB\SSSE_HEBEI\HBSSSE\MWSICARDACTX\RELEASE\MWSICARDACTX.PCH
C:\USERS\JEAMING\DOCUMENTS\GITHUB\SSSE_HEBEI\HBSSSE\MWSICARDACTX\RELEASE\MWSICARDACTX.RES
C:\USERS\JEAMING\DOCUMENTS\GITHUB\SSSE_HEBEI\HBSSSE\MWSICARDACTX\RELEASE\MWSICARDACTX.TLB
C:\Users\jeaming\Documents\GitHub\SSSE_HeBei\HBSSSE\mwSICARDActX\Release\mwSICARDActX.write.1.tlog
C:\USERS\JEAMING\DOCUMENTS\GITHUB\SSSE_HEBEI\HBSSSE\MWSICARDACTX\RELEASE\MWSICARDACTXCTRL.OBJ
C:\USERS\JEAMING\DOCUMENTS\GITHUB\SSSE_HEBEI\HBSSSE\MWSICARDACTX\RELEASE\MWSICARDACTXPROPPAGE.OBJ
C:\Users\jeaming\Documents\GitHub\SSSE_HeBei\HBSSSE\mwSICARDActX\Release\rc.command.1.tlog
C:\Users\jeaming\Documents\GitHub\SSSE_HeBei\HBSSSE\mwSICARDActX\Release\rc.read.1.tlog
C:\Users\jeaming\Documents\GitHub\SSSE_HeBei\HBSSSE\mwSICARDActX\Release\rc.write.1.tlog
C:\USERS\JEAMING\DOCUMENTS\GITHUB\SSSE_HEBEI\HBSSSE\MWSICARDACTX\RELEASE\STDAFX.OBJ
C:\USERS\JEAMING\DOCUMENTS\GITHUB\SSSE_HEBEI\HBSSSE\MWSICARDACTX\RELEASE\VC100.PDB
C:\Users\jeaming\Documents\GitHub\SSSE_HeBei\HBSSSE\Release\mwSICARDActX.exp
C:\Users\jeaming\Documents\GitHub\SSSE_HeBei\HBSSSE\Release\mwSICARDActX.lib
C:\USERS\JEAMING\DOCUMENTS\GITHUB\SSSE_HEBEI\HBSSSE\RELEASE\MWSICARDACTX.OCX
C:\USERS\JEAMING\DOCUMENTS\GITHUB\SSSE_HEBEI\HBSSSE\RELEASE\MWSICARDACTX.PDB
