生成启动时间为 2017-01-19 16:52:19。
     1>项目“C:\Users\jeaming\Documents\GitHub\SSSE_HeBei\HBSSSE\mwSICARD\mwSICARD.vcxproj”在节点 2 上(rebuild 个目标)。
     1>InitializeBuildStatus:
         正在创建“Debug\mwSICARD.unsuccessfulbuild”，因为已指定“AlwaysCreate”。
       ClCompile:
         C:\Program Files (x86)\Microsoft Visual Studio 10.0\VC\bin\CL.exe /c /ZI /nologo /W3 /WX- /Od /Oy- /D WIN32 /D _DEBUG /D _WINDOWS /D _USRDLL /D MWSICARD_EXPORTS /D _WINDLL /D _UNICODE /D UNICODE /Gm /EHsc /RTC1 /MTd /GS /fp:precise /Zc:wchar_t /Zc:forScope /Fo"Debug\\" /Fd"Debug\vc100.pdb" /Gd /TP /analyze- /errorReport:prompt CLoger.cpp CriticalSectionLock.cpp dllmain.cpp mwSICARD.cpp SSSE32.cpp stdafx.cpp Tools.cpp
         Tools.cpp
         stdafx.cpp
         SSSE32.cpp
     1>c:\users\jeaming\documents\github\ssse_hebei\hbssse\mwsicard\ssse32.cpp(236): warning C4996: 'sprintf': This function or variable may be unsafe. Consider using sprintf_s instead. To disable deprecation, use _CRT_SECURE_NO_WARNINGS. See online help for details.
                 c:\program files (x86)\microsoft visual studio 10.0\vc\include\stdio.h(371) : 参见“sprintf”的声明
     1>c:\users\jeaming\documents\github\ssse_hebei\hbssse\mwsicard\ssse32.cpp(246): warning C4996: 'sprintf': This function or variable may be unsafe. Consider using sprintf_s instead. To disable deprecation, use _CRT_SECURE_NO_WARNINGS. See online help for details.
                 c:\program files (x86)\microsoft visual studio 10.0\vc\include\stdio.h(371) : 参见“sprintf”的声明
     1>c:\users\jeaming\documents\github\ssse_hebei\hbssse\mwsicard\ssse32.cpp(456): warning C4996: 'strcpy': This function or variable may be unsafe. Consider using strcpy_s instead. To disable deprecation, use _CRT_SECURE_NO_WARNINGS. See online help for details.
                 c:\program files (x86)\microsoft visual studio 10.0\vc\include\string.h(105) : 参见“strcpy”的声明
     1>c:\users\jeaming\documents\github\ssse_hebei\hbssse\mwsicard\ssse32.cpp(457): warning C4996: 'strcat': This function or variable may be unsafe. Consider using strcat_s instead. To disable deprecation, use _CRT_SECURE_NO_WARNINGS. See online help for details.
                 c:\program files (x86)\microsoft visual studio 10.0\vc\include\string.h(110) : 参见“strcat”的声明
     1>c:\users\jeaming\documents\github\ssse_hebei\hbssse\mwsicard\ssse32.cpp(458): warning C4996: 'strcat': This function or variable may be unsafe. Consider using strcat_s instead. To disable deprecation, use _CRT_SECURE_NO_WARNINGS. See online help for details.
                 c:\program files (x86)\microsoft visual studio 10.0\vc\include\string.h(110) : 参见“strcat”的声明
         mwSICARD.cpp
         dllmain.cpp
         CriticalSectionLock.cpp
         CLoger.cpp
     1>c:\users\jeaming\documents\github\ssse_hebei\hbssse\mwsicard\cloger.cpp(341): warning C4996: 'fopen': This function or variable may be unsafe. Consider using fopen_s instead. To disable deprecation, use _CRT_SECURE_NO_WARNINGS. See online help for details.
                 c:\program files (x86)\microsoft visual studio 10.0\vc\include\stdio.h(234) : 参见“fopen”的声明
     1>c:\users\jeaming\documents\github\ssse_hebei\hbssse\mwsicard\cloger.cpp(499): warning C4996: 'fopen': This function or variable may be unsafe. Consider using fopen_s instead. To disable deprecation, use _CRT_SECURE_NO_WARNINGS. See online help for details.
                 c:\program files (x86)\microsoft visual studio 10.0\vc\include\stdio.h(234) : 参见“fopen”的声明
     1>c:\users\jeaming\documents\github\ssse_hebei\hbssse\mwsicard\cloger.cpp(569): warning C4996: 'fopen': This function or variable may be unsafe. Consider using fopen_s instead. To disable deprecation, use _CRT_SECURE_NO_WARNINGS. See online help for details.
                 c:\program files (x86)\microsoft visual studio 10.0\vc\include\stdio.h(234) : 参见“fopen”的声明
         正在生成代码...
       ResourceCompile:
         C:\Program Files (x86)\Microsoft SDKs\Windows\v7.0A\bin\rc.exe /D _UNICODE /D UNICODE /l"0x0409" /nologo /fo"Debug\mwSICARD.res" mwSICARD.rc 
       ManifestResourceCompile:
         C:\Program Files (x86)\Microsoft SDKs\Windows\v7.0A\bin\rc.exe /nologo /fo"Debug\mwSICARD.dll.embed.manifest.res" Debug\mwSICARD_manifest.rc 
       Link:
         C:\Program Files (x86)\Microsoft Visual Studio 10.0\VC\bin\link.exe /ERRORREPORT:PROMPT /OUT:"C:\Users\jeaming\Documents\GitHub\SSSE_HeBei\HBSSSE\Debug\mwSICARD.dll" /INCREMENTAL /NOLOGO /LIBPATH:C:\Users\jeaming\Documents\GitHub\SSSE_HeBei\HBSSSE\mwSICARD\lib\Debug\ mwpd_32SCpp.lib kernel32.lib user32.lib gdi32.lib winspool.lib comdlg32.lib advapi32.lib shell32.lib ole32.lib oleaut32.lib uuid.lib odbc32.lib odbccp32.lib /DEF:"mwSICARD.def" /MANIFEST /ManifestFile:"Debug\mwSICARD.dll.intermediate.manifest" /MANIFESTUAC:"level='asInvoker' uiAccess='false'" /DEBUG /PDB:"C:\Users\jeaming\Documents\GitHub\SSSE_HeBei\HBSSSE\Debug\mwSICARD.pdb" /SUBSYSTEM:WINDOWS /TLBID:1 /DYNAMICBASE /NXCOMPAT /IMPLIB:"C:\Users\jeaming\Documents\GitHub\SSSE_HeBei\HBSSSE\Debug\mwSICARD.lib" /MACHINE:X86 /DLL Debug\mwSICARD.res
         Debug\mwSICARD.dll.embed.manifest.res
         Debug\CLoger.obj
         Debug\CriticalSectionLock.obj
         Debug\dllmain.obj
         Debug\mwSICARD.obj
         Debug\SSSE32.obj
         Debug\stdafx.obj
         Debug\Tools.obj
            正在创建库 C:\Users\jeaming\Documents\GitHub\SSSE_HeBei\HBSSSE\Debug\mwSICARD.lib 和对象 C:\Users\jeaming\Documents\GitHub\SSSE_HeBei\HBSSSE\Debug\mwSICARD.exp
     1>mwpd_32SCpp.lib(ascii.obj) : warning LNK4099: 未找到 PDB“vc100.pdb”(使用“mwpd_32SCpp.lib(ascii.obj)”或在“C:\Users\jeaming\Documents\GitHub\SSSE_HeBei\HBSSSE\Debug\vc100.pdb”中寻找)；正在链接对象，如同没有调试信息一样
     1>mwpd_32SCpp.lib(gb2312.obj) : warning LNK4099: 未找到 PDB“vc100.pdb”(使用“mwpd_32SCpp.lib(gb2312.obj)”或在“C:\Users\jeaming\Documents\GitHub\SSSE_HeBei\HBSSSE\Debug\vc100.pdb”中寻找)；正在链接对象，如同没有调试信息一样
     1>mwpd_32SCpp.lib(zk.obj) : warning LNK4099: 未找到 PDB“vc100.pdb”(使用“mwpd_32SCpp.lib(zk.obj)”或在“C:\Users\jeaming\Documents\GitHub\SSSE_HeBei\HBSSSE\Debug\vc100.pdb”中寻找)；正在链接对象，如同没有调试信息一样
     1>mwpd_32SCpp.lib(mwReader.obj) : warning LNK4099: 未找到 PDB“vc100.pdb”(使用“mwpd_32SCpp.lib(mwReader.obj)”或在“C:\Users\jeaming\Documents\GitHub\SSSE_HeBei\HBSSSE\Debug\vc100.pdb”中寻找)；正在链接对象，如同没有调试信息一样
     1>mwpd_32SCpp.lib(ReaderContainer.obj) : warning LNK4099: 未找到 PDB“vc100.pdb”(使用“mwpd_32SCpp.lib(ReaderContainer.obj)”或在“C:\Users\jeaming\Documents\GitHub\SSSE_HeBei\HBSSSE\Debug\vc100.pdb”中寻找)；正在链接对象，如同没有调试信息一样
     1>mwpd_32SCpp.lib(Command.obj) : warning LNK4099: 未找到 PDB“vc100.pdb”(使用“mwpd_32SCpp.lib(Command.obj)”或在“C:\Users\jeaming\Documents\GitHub\SSSE_HeBei\HBSSSE\Debug\vc100.pdb”中寻找)；正在链接对象，如同没有调试信息一样
     1>mwpd_32SCpp.lib(ErrorDescription.obj) : warning LNK4099: 未找到 PDB“vc100.pdb”(使用“mwpd_32SCpp.lib(ErrorDescription.obj)”或在“C:\Users\jeaming\Documents\GitHub\SSSE_HeBei\HBSSSE\Debug\vc100.pdb”中寻找)；正在链接对象，如同没有调试信息一样
     1>mwpd_32SCpp.lib(Protocol.obj) : warning LNK4099: 未找到 PDB“vc100.pdb”(使用“mwpd_32SCpp.lib(Protocol.obj)”或在“C:\Users\jeaming\Documents\GitHub\SSSE_HeBei\HBSSSE\Debug\vc100.pdb”中寻找)；正在链接对象，如同没有调试信息一样
     1>mwpd_32SCpp.lib(ProtocolMWDP.obj) : warning LNK4099: 未找到 PDB“vc100.pdb”(使用“mwpd_32SCpp.lib(ProtocolMWDP.obj)”或在“C:\Users\jeaming\Documents\GitHub\SSSE_HeBei\HBSSSE\Debug\vc100.pdb”中寻找)；正在链接对象，如同没有调试信息一样
     1>mwpd_32SCpp.lib(ProtocolMWRP.obj) : warning LNK4099: 未找到 PDB“vc100.pdb”(使用“mwpd_32SCpp.lib(ProtocolMWRP.obj)”或在“C:\Users\jeaming\Documents\GitHub\SSSE_HeBei\HBSSSE\Debug\vc100.pdb”中寻找)；正在链接对象，如同没有调试信息一样
     1>mwpd_32SCpp.lib(Reader.obj) : warning LNK4099: 未找到 PDB“vc100.pdb”(使用“mwpd_32SCpp.lib(Reader.obj)”或在“C:\Users\jeaming\Documents\GitHub\SSSE_HeBei\HBSSSE\Debug\vc100.pdb”中寻找)；正在链接对象，如同没有调试信息一样
     1>mwpd_32SCpp.lib(ReaderDP.obj) : warning LNK4099: 未找到 PDB“vc100.pdb”(使用“mwpd_32SCpp.lib(ReaderDP.obj)”或在“C:\Users\jeaming\Documents\GitHub\SSSE_HeBei\HBSSSE\Debug\vc100.pdb”中寻找)；正在链接对象，如同没有调试信息一样
     1>mwpd_32SCpp.lib(ReaderImpl.obj) : warning LNK4099: 未找到 PDB“vc100.pdb”(使用“mwpd_32SCpp.lib(ReaderImpl.obj)”或在“C:\Users\jeaming\Documents\GitHub\SSSE_HeBei\HBSSSE\Debug\vc100.pdb”中寻找)；正在链接对象，如同没有调试信息一样
     1>mwpd_32SCpp.lib(ComReader.obj) : warning LNK4099: 未找到 PDB“vc100.pdb”(使用“mwpd_32SCpp.lib(ComReader.obj)”或在“C:\Users\jeaming\Documents\GitHub\SSSE_HeBei\HBSSSE\Debug\vc100.pdb”中寻找)；正在链接对象，如同没有调试信息一样
     1>mwpd_32SCpp.lib(ReaderBase.obj) : warning LNK4099: 未找到 PDB“vc100.pdb”(使用“mwpd_32SCpp.lib(ReaderBase.obj)”或在“C:\Users\jeaming\Documents\GitHub\SSSE_HeBei\HBSSSE\Debug\vc100.pdb”中寻找)；正在链接对象，如同没有调试信息一样
     1>mwpd_32SCpp.lib(ReaderUsb.obj) : warning LNK4099: 未找到 PDB“vc100.pdb”(使用“mwpd_32SCpp.lib(ReaderUsb.obj)”或在“C:\Users\jeaming\Documents\GitHub\SSSE_HeBei\HBSSSE\Debug\vc100.pdb”中寻找)；正在链接对象，如同没有调试信息一样
     1>mwpd_32SCpp.lib(UsbReader.obj) : warning LNK4099: 未找到 PDB“vc100.pdb”(使用“mwpd_32SCpp.lib(UsbReader.obj)”或在“C:\Users\jeaming\Documents\GitHub\SSSE_HeBei\HBSSSE\Debug\vc100.pdb”中寻找)；正在链接对象，如同没有调试信息一样
     1>mwpd_32SCpp.lib(ReaderRP.obj) : warning LNK4099: 未找到 PDB“vc100.pdb”(使用“mwpd_32SCpp.lib(ReaderRP.obj)”或在“C:\Users\jeaming\Documents\GitHub\SSSE_HeBei\HBSSSE\Debug\vc100.pdb”中寻找)；正在链接对象，如同没有调试信息一样
     1>mwpd_32SCpp.lib(Des.obj) : warning LNK4099: 未找到 PDB“vc100.pdb”(使用“mwpd_32SCpp.lib(Des.obj)”或在“C:\Users\jeaming\Documents\GitHub\SSSE_HeBei\HBSSSE\Debug\vc100.pdb”中寻找)；正在链接对象，如同没有调试信息一样
       Manifest:
         正在删除文件“Debug\mwSICARD.dll.embed.manifest”。
         C:\Program Files (x86)\Microsoft SDKs\Windows\v7.0A\bin\mt.exe /nologo /verbose /out:"Debug\mwSICARD.dll.embed.manifest" /manifest Debug\mwSICARD.dll.intermediate.manifest
         C:\Program Files (x86)\Microsoft SDKs\Windows\v7.0A\bin\rc.exe /nologo /fo"Debug\mwSICARD.dll.embed.manifest.res" Debug\mwSICARD_manifest.rc 
       LinkEmbedManifest:
         C:\Program Files (x86)\Microsoft Visual Studio 10.0\VC\bin\link.exe /ERRORREPORT:PROMPT /OUT:"C:\Users\jeaming\Documents\GitHub\SSSE_HeBei\HBSSSE\Debug\mwSICARD.dll" /INCREMENTAL /NOLOGO /LIBPATH:C:\Users\jeaming\Documents\GitHub\SSSE_HeBei\HBSSSE\mwSICARD\lib\Debug\ mwpd_32SCpp.lib kernel32.lib user32.lib gdi32.lib winspool.lib comdlg32.lib advapi32.lib shell32.lib ole32.lib oleaut32.lib uuid.lib odbc32.lib odbccp32.lib /DEF:"mwSICARD.def" /MANIFEST /ManifestFile:"Debug\mwSICARD.dll.intermediate.manifest" /MANIFESTUAC:"level='asInvoker' uiAccess='false'" /DEBUG /PDB:"C:\Users\jeaming\Documents\GitHub\SSSE_HeBei\HBSSSE\Debug\mwSICARD.pdb" /SUBSYSTEM:WINDOWS /TLBID:1 /DYNAMICBASE /NXCOMPAT /IMPLIB:"C:\Users\jeaming\Documents\GitHub\SSSE_HeBei\HBSSSE\Debug\mwSICARD.lib" /MACHINE:X86 /DLL Debug\mwSICARD.res
         Debug\mwSICARD.dll.embed.manifest.res
         Debug\CLoger.obj
         Debug\CriticalSectionLock.obj
         Debug\dllmain.obj
         Debug\mwSICARD.obj
         Debug\SSSE32.obj
         Debug\stdafx.obj
         Debug\Tools.obj
            正在创建库 C:\Users\jeaming\Documents\GitHub\SSSE_HeBei\HBSSSE\Debug\mwSICARD.lib 和对象 C:\Users\jeaming\Documents\GitHub\SSSE_HeBei\HBSSSE\Debug\mwSICARD.exp
     1>mwpd_32SCpp.lib(ascii.obj) : warning LNK4099: 未找到 PDB“vc100.pdb”(使用“mwpd_32SCpp.lib(ascii.obj)”或在“C:\Users\jeaming\Documents\GitHub\SSSE_HeBei\HBSSSE\Debug\vc100.pdb”中寻找)；正在链接对象，如同没有调试信息一样
     1>mwpd_32SCpp.lib(gb2312.obj) : warning LNK4099: 未找到 PDB“vc100.pdb”(使用“mwpd_32SCpp.lib(gb2312.obj)”或在“C:\Users\jeaming\Documents\GitHub\SSSE_HeBei\HBSSSE\Debug\vc100.pdb”中寻找)；正在链接对象，如同没有调试信息一样
     1>mwpd_32SCpp.lib(zk.obj) : warning LNK4099: 未找到 PDB“vc100.pdb”(使用“mwpd_32SCpp.lib(zk.obj)”或在“C:\Users\jeaming\Documents\GitHub\SSSE_HeBei\HBSSSE\Debug\vc100.pdb”中寻找)；正在链接对象，如同没有调试信息一样
     1>mwpd_32SCpp.lib(mwReader.obj) : warning LNK4099: 未找到 PDB“vc100.pdb”(使用“mwpd_32SCpp.lib(mwReader.obj)”或在“C:\Users\jeaming\Documents\GitHub\SSSE_HeBei\HBSSSE\Debug\vc100.pdb”中寻找)；正在链接对象，如同没有调试信息一样
     1>mwpd_32SCpp.lib(ReaderContainer.obj) : warning LNK4099: 未找到 PDB“vc100.pdb”(使用“mwpd_32SCpp.lib(ReaderContainer.obj)”或在“C:\Users\jeaming\Documents\GitHub\SSSE_HeBei\HBSSSE\Debug\vc100.pdb”中寻找)；正在链接对象，如同没有调试信息一样
     1>mwpd_32SCpp.lib(Command.obj) : warning LNK4099: 未找到 PDB“vc100.pdb”(使用“mwpd_32SCpp.lib(Command.obj)”或在“C:\Users\jeaming\Documents\GitHub\SSSE_HeBei\HBSSSE\Debug\vc100.pdb”中寻找)；正在链接对象，如同没有调试信息一样
     1>mwpd_32SCpp.lib(ErrorDescription.obj) : warning LNK4099: 未找到 PDB“vc100.pdb”(使用“mwpd_32SCpp.lib(ErrorDescription.obj)”或在“C:\Users\jeaming\Documents\GitHub\SSSE_HeBei\HBSSSE\Debug\vc100.pdb”中寻找)；正在链接对象，如同没有调试信息一样
     1>mwpd_32SCpp.lib(Protocol.obj) : warning LNK4099: 未找到 PDB“vc100.pdb”(使用“mwpd_32SCpp.lib(Protocol.obj)”或在“C:\Users\jeaming\Documents\GitHub\SSSE_HeBei\HBSSSE\Debug\vc100.pdb”中寻找)；正在链接对象，如同没有调试信息一样
     1>mwpd_32SCpp.lib(ProtocolMWDP.obj) : warning LNK4099: 未找到 PDB“vc100.pdb”(使用“mwpd_32SCpp.lib(ProtocolMWDP.obj)”或在“C:\Users\jeaming\Documents\GitHub\SSSE_HeBei\HBSSSE\Debug\vc100.pdb”中寻找)；正在链接对象，如同没有调试信息一样
     1>mwpd_32SCpp.lib(ProtocolMWRP.obj) : warning LNK4099: 未找到 PDB“vc100.pdb”(使用“mwpd_32SCpp.lib(ProtocolMWRP.obj)”或在“C:\Users\jeaming\Documents\GitHub\SSSE_HeBei\HBSSSE\Debug\vc100.pdb”中寻找)；正在链接对象，如同没有调试信息一样
     1>mwpd_32SCpp.lib(Reader.obj) : warning LNK4099: 未找到 PDB“vc100.pdb”(使用“mwpd_32SCpp.lib(Reader.obj)”或在“C:\Users\jeaming\Documents\GitHub\SSSE_HeBei\HBSSSE\Debug\vc100.pdb”中寻找)；正在链接对象，如同没有调试信息一样
     1>mwpd_32SCpp.lib(ReaderDP.obj) : warning LNK4099: 未找到 PDB“vc100.pdb”(使用“mwpd_32SCpp.lib(ReaderDP.obj)”或在“C:\Users\jeaming\Documents\GitHub\SSSE_HeBei\HBSSSE\Debug\vc100.pdb”中寻找)；正在链接对象，如同没有调试信息一样
     1>mwpd_32SCpp.lib(ReaderImpl.obj) : warning LNK4099: 未找到 PDB“vc100.pdb”(使用“mwpd_32SCpp.lib(ReaderImpl.obj)”或在“C:\Users\jeaming\Documents\GitHub\SSSE_HeBei\HBSSSE\Debug\vc100.pdb”中寻找)；正在链接对象，如同没有调试信息一样
     1>mwpd_32SCpp.lib(ComReader.obj) : warning LNK4099: 未找到 PDB“vc100.pdb”(使用“mwpd_32SCpp.lib(ComReader.obj)”或在“C:\Users\jeaming\Documents\GitHub\SSSE_HeBei\HBSSSE\Debug\vc100.pdb”中寻找)；正在链接对象，如同没有调试信息一样
     1>mwpd_32SCpp.lib(ReaderBase.obj) : warning LNK4099: 未找到 PDB“vc100.pdb”(使用“mwpd_32SCpp.lib(ReaderBase.obj)”或在“C:\Users\jeaming\Documents\GitHub\SSSE_HeBei\HBSSSE\Debug\vc100.pdb”中寻找)；正在链接对象，如同没有调试信息一样
     1>mwpd_32SCpp.lib(ReaderUsb.obj) : warning LNK4099: 未找到 PDB“vc100.pdb”(使用“mwpd_32SCpp.lib(ReaderUsb.obj)”或在“C:\Users\jeaming\Documents\GitHub\SSSE_HeBei\HBSSSE\Debug\vc100.pdb”中寻找)；正在链接对象，如同没有调试信息一样
     1>mwpd_32SCpp.lib(UsbReader.obj) : warning LNK4099: 未找到 PDB“vc100.pdb”(使用“mwpd_32SCpp.lib(UsbReader.obj)”或在“C:\Users\jeaming\Documents\GitHub\SSSE_HeBei\HBSSSE\Debug\vc100.pdb”中寻找)；正在链接对象，如同没有调试信息一样
     1>mwpd_32SCpp.lib(ReaderRP.obj) : warning LNK4099: 未找到 PDB“vc100.pdb”(使用“mwpd_32SCpp.lib(ReaderRP.obj)”或在“C:\Users\jeaming\Documents\GitHub\SSSE_HeBei\HBSSSE\Debug\vc100.pdb”中寻找)；正在链接对象，如同没有调试信息一样
     1>mwpd_32SCpp.lib(Des.obj) : warning LNK4099: 未找到 PDB“vc100.pdb”(使用“mwpd_32SCpp.lib(Des.obj)”或在“C:\Users\jeaming\Documents\GitHub\SSSE_HeBei\HBSSSE\Debug\vc100.pdb”中寻找)；正在链接对象，如同没有调试信息一样
         mwSICARD.vcxproj -> C:\Users\jeaming\Documents\GitHub\SSSE_HeBei\HBSSSE\Debug\mwSICARD.dll
       FinalizeBuildStatus:
         正在删除文件“Debug\mwSICARD.unsuccessfulbuild”。
         正在对“Debug\mwSICARD.lastbuildstate”执行 Touch 任务。
     1>已完成生成项目“C:\Users\jeaming\Documents\GitHub\SSSE_HeBei\HBSSSE\mwSICARD\mwSICARD.vcxproj”(rebuild 个目标)的操作。

生成成功。

已用时间 00:00:07.24
