C:\USERS\JEAMING\DOCUMENTS\GITHUB\SSSE_HEBEI\HBSSSE\DEBUG\MWSICARD.DLL
C:\Users\jeaming\Documents\GitHub\SSSE_HeBei\HBSSSE\Debug\mwSICARD.exp
C:\USERS\JEAMING\DOCUMENTS\GITHUB\SSSE_HEBEI\HBSSSE\DEBUG\MWSICARD.ILK
C:\Users\jeaming\Documents\GitHub\SSSE_HeBei\HBSSSE\Debug\mwSICARD.lib
C:\USERS\JEAMING\DOCUMENTS\GITHUB\SSSE_HEBEI\HBSSSE\DEBUG\MWSICARD.PDB
C:\Users\jeaming\Documents\GitHub\SSSE_HeBei\HBSSSE\mwSICARD\Debug\cl.command.1.tlog
C:\Users\jeaming\Documents\GitHub\SSSE_HeBei\HBSSSE\mwSICARD\Debug\CL.read.1.tlog
C:\Users\jeaming\Documents\GitHub\SSSE_HeBei\HBSSSE\mwSICARD\Debug\CL.write.1.tlog
C:\USERS\JEAMING\DOCUMENTS\GITHUB\SSSE_HEBEI\HBSSSE\MWSICARD\DEBUG\CLOGER.OBJ
C:\USERS\JEAMING\DOCUMENTS\GITHUB\SSSE_HEBEI\HBSSSE\MWSICARD\DEBUG\CRITICALSECTIONLOCK.OBJ
C:\USERS\JEAMING\DOCUMENTS\GITHUB\SSSE_HEBEI\HBSSSE\MWSICARD\DEBUG\DLLMAIN.OBJ
C:\Users\jeaming\Documents\GitHub\SSSE_HeBei\HBSSSE\mwSICARD\Debug\link.21160.read.1.tlog
C:\Users\jeaming\Documents\GitHub\SSSE_HeBei\HBSSSE\mwSICARD\Debug\link.21160.write.1.tlog
C:\Users\jeaming\Documents\GitHub\SSSE_HeBei\HBSSSE\mwSICARD\Debug\link.21160-cvtres.read.1.tlog
C:\Users\jeaming\Documents\GitHub\SSSE_HeBei\HBSSSE\mwSICARD\Debug\link.21160-cvtres.write.1.tlog
C:\Users\jeaming\Documents\GitHub\SSSE_HeBei\HBSSSE\mwSICARD\Debug\link.command.1.tlog
C:\Users\jeaming\Documents\GitHub\SSSE_HeBei\HBSSSE\mwSICARD\Debug\link.read.1.tlog
C:\Users\jeaming\Documents\GitHub\SSSE_HeBei\HBSSSE\mwSICARD\Debug\link.write.1.tlog
C:\Users\jeaming\Documents\GitHub\SSSE_HeBei\HBSSSE\mwSICARD\Debug\link-cvtres.read.1.tlog
C:\Users\jeaming\Documents\GitHub\SSSE_HeBei\HBSSSE\mwSICARD\Debug\link-cvtres.write.1.tlog
C:\Users\jeaming\Documents\GitHub\SSSE_HeBei\HBSSSE\mwSICARD\Debug\mt.command.1.tlog
C:\Users\jeaming\Documents\GitHub\SSSE_HeBei\HBSSSE\mwSICARD\Debug\mt.read.1.tlog
C:\Users\jeaming\Documents\GitHub\SSSE_HeBei\HBSSSE\mwSICARD\Debug\mt.write.1.tlog
C:\USERS\JEAMING\DOCUMENTS\GITHUB\SSSE_HEBEI\HBSSSE\MWSICARD\DEBUG\MWSICARD.DLL.EMBED.MANIFEST
C:\USERS\JEAMING\DOCUMENTS\GITHUB\SSSE_HEBEI\HBSSSE\MWSICARD\DEBUG\MWSICARD.DLL.EMBED.MANIFEST.RES
C:\USERS\JEAMING\DOCUMENTS\GITHUB\SSSE_HEBEI\HBSSSE\MWSICARD\DEBUG\MWSICARD.DLL.INTERMEDIATE.MANIFEST
C:\USERS\JEAMING\DOCUMENTS\GITHUB\SSSE_HEBEI\HBSSSE\MWSICARD\DEBUG\MWSICARD.OBJ
C:\USERS\JEAMING\DOCUMENTS\GITHUB\SSSE_HEBEI\HBSSSE\MWSICARD\DEBUG\MWSICARD.RES
C:\Users\jeaming\Documents\GitHub\SSSE_HeBei\HBSSSE\mwSICARD\Debug\mwSICARD.vcxprojResolveAssemblyReference.cache
C:\Users\jeaming\Documents\GitHub\SSSE_HeBei\HBSSSE\mwSICARD\Debug\mwSICARD.write.1.tlog
C:\Users\jeaming\Documents\GitHub\SSSE_HeBei\HBSSSE\mwSICARD\Debug\mwSICARD_manifest.rc
C:\Users\jeaming\Documents\GitHub\SSSE_HeBei\HBSSSE\mwSICARD\Debug\rc.command.1.tlog
C:\Users\jeaming\Documents\GitHub\SSSE_HeBei\HBSSSE\mwSICARD\Debug\rc.read.1.tlog
C:\Users\jeaming\Documents\GitHub\SSSE_HeBei\HBSSSE\mwSICARD\Debug\rc.write.1.tlog
C:\USERS\JEAMING\DOCUMENTS\GITHUB\SSSE_HEBEI\HBSSSE\MWSICARD\DEBUG\SSSE32.OBJ
C:\USERS\JEAMING\DOCUMENTS\GITHUB\SSSE_HEBEI\HBSSSE\MWSICARD\DEBUG\STDAFX.OBJ
C:\USERS\JEAMING\DOCUMENTS\GITHUB\SSSE_HEBEI\HBSSSE\MWSICARD\DEBUG\TOOLS.OBJ
C:\Users\jeaming\Documents\GitHub\SSSE_HeBei\HBSSSE\mwSICARD\Debug\vc100.idb
C:\USERS\JEAMING\DOCUMENTS\GITHUB\SSSE_HEBEI\HBSSSE\MWSICARD\DEBUG\VC100.PDB
