C:\Users\jeaming\Documents\GitHub\SSSE_HeBei\HBSSSE\mwSICARD\Release\cl.command.1.tlog
C:\Users\jeaming\Documents\GitHub\SSSE_HeBei\HBSSSE\mwSICARD\Release\CL.read.1.tlog
C:\Users\jeaming\Documents\GitHub\SSSE_HeBei\HBSSSE\mwSICARD\Release\CL.write.1.tlog
C:\USERS\JEAMING\DOCUMENTS\GITHUB\SSSE_HEBEI\HBSSSE\MWSICARD\RELEASE\CLOGER.OBJ
C:\USERS\JEAMING\DOCUMENTS\GITHUB\SSSE_HEBEI\HBSSSE\MWSICARD\RELEASE\CRITICALSECTIONLOCK.OBJ
C:\USERS\JEAMING\DOCUMENTS\GITHUB\SSSE_HEBEI\HBSSSE\MWSICARD\RELEASE\DLLMAIN.OBJ
C:\Users\jeaming\Documents\GitHub\SSSE_HeBei\HBSSSE\mwSICARD\Release\link.command.1.tlog
C:\Users\jeaming\Documents\GitHub\SSSE_HeBei\HBSSSE\mwSICARD\Release\link.read.1.tlog
C:\Users\jeaming\Documents\GitHub\SSSE_HeBei\HBSSSE\mwSICARD\Release\link.write.1.tlog
C:\Users\jeaming\Documents\GitHub\SSSE_HeBei\HBSSSE\mwSICARD\Release\link-cvtres.read.1.tlog
C:\Users\jeaming\Documents\GitHub\SSSE_HeBei\HBSSSE\mwSICARD\Release\link-cvtres.write.1.tlog
C:\Users\jeaming\Documents\GitHub\SSSE_HeBei\HBSSSE\mwSICARD\Release\mt.command.1.tlog
C:\Users\jeaming\Documents\GitHub\SSSE_HeBei\HBSSSE\mwSICARD\Release\mt.read.1.tlog
C:\Users\jeaming\Documents\GitHub\SSSE_HeBei\HBSSSE\mwSICARD\Release\mt.write.1.tlog
C:\USERS\JEAMING\DOCUMENTS\GITHUB\SSSE_HEBEI\HBSSSE\MWSICARD\RELEASE\MWSICARD.DLL.INTERMEDIATE.MANIFEST
C:\USERS\JEAMING\DOCUMENTS\GITHUB\SSSE_HEBEI\HBSSSE\MWSICARD\RELEASE\MWSICARD.OBJ
C:\USERS\JEAMING\DOCUMENTS\GITHUB\SSSE_HEBEI\HBSSSE\MWSICARD\RELEASE\MWSICARD.RES
C:\Users\jeaming\Documents\GitHub\SSSE_HeBei\HBSSSE\mwSICARD\Release\mwSICARD.vcxprojResolveAssemblyReference.cache
C:\Users\jeaming\Documents\GitHub\SSSE_HeBei\HBSSSE\mwSICARD\Release\mwSICARD.write.1.tlog
C:\Users\jeaming\Documents\GitHub\SSSE_HeBei\HBSSSE\mwSICARD\Release\rc.command.1.tlog
C:\Users\jeaming\Documents\GitHub\SSSE_HeBei\HBSSSE\mwSICARD\Release\rc.read.1.tlog
C:\Users\jeaming\Documents\GitHub\SSSE_HeBei\HBSSSE\mwSICARD\Release\rc.write.1.tlog
C:\USERS\JEAMING\DOCUMENTS\GITHUB\SSSE_HEBEI\HBSSSE\MWSICARD\RELEASE\SSSE32.OBJ
C:\USERS\JEAMING\DOCUMENTS\GITHUB\SSSE_HEBEI\HBSSSE\MWSICARD\RELEASE\STDAFX.OBJ
C:\USERS\JEAMING\DOCUMENTS\GITHUB\SSSE_HEBEI\HBSSSE\MWSICARD\RELEASE\TOOLS.OBJ
C:\USERS\JEAMING\DOCUMENTS\GITHUB\SSSE_HEBEI\HBSSSE\MWSICARD\RELEASE\VC100.PDB
C:\USERS\JEAMING\DOCUMENTS\GITHUB\SSSE_HEBEI\HBSSSE\RELEASE\MWSICARD.DLL
C:\Users\jeaming\Documents\GitHub\SSSE_HeBei\HBSSSE\Release\mwSICARD.exp
C:\Users\jeaming\Documents\GitHub\SSSE_HeBei\HBSSSE\Release\mwSICARD.lib
C:\USERS\JEAMING\DOCUMENTS\GITHUB\SSSE_HEBEI\HBSSSE\RELEASE\MWSICARD.PDB
